#
# A fatal error has been detected by the Java Runtime Environment:
#
#  EXCEPTION_ACCESS_VIOLATION (0xc0000005) at pc=0x000000005051ffb7, pid=131248, tid=125280
#
# JRE version: Java(TM) SE Runtime Environment (8.0_45-b15) (build 1.8.0_45-b15)
# Java VM: Java HotSpot(TM) 64-Bit Server VM (25.45-b02 mixed mode windows-amd64 compressed oops)
# Problematic frame:
# V  [jvm.dll+0x20ffb7]
#
# Failed to write core dump. Minidumps are not enabled by default on client versions of Windows
#
# If you would like to submit a bug report, please visit:
#   http://bugreport.java.com/bugreport/crash.jsp
#

---------------  T H R E A D  ---------------

Current thread (0x000000001e086000):  JavaThread "JMX server connection timeout 58" daemon [_thread_in_vm, id=125280, stack(0x000000001c5a0000,0x000000001c6a0000)]

siginfo: ExceptionCode=0xc0000005, writing address 0x000000001c69a7f0

Registers:
RAX=0x000000001c69a7f0, RBX=0x0000000000000006, RCX=0x0000000000005000, RDX=0x0000000000000006
RSP=0x000000001c69f7f0, RBP=0x0000000000000000, RSI=0x000000001c69f7f0, RDI=0x0000000000000006
R8 =0x0000000000000006, R9 =0x000000001dff9b80, R10=0x0000000018c4d358, R11=0x000000001c5aa148
R12=0x000000001dff9b80, R13=0x000000001e086000, R14=0x000000001c69f8b8, R15=0x0000000018c4d358
RIP=0x000000005051ffb7, EFLAGS=0x0000000000010206

Top of Stack: (sp=0x000000001c69f7f0)
0x000000001c69f7f0:   0000000000000000 0000000000000000
0x000000001c69f800:   000000001e086000 000000001dff9b80
0x000000001c69f810:   00000000ffffffff 0000000050520ee7
0x000000001c69f820:   000000001c69f920 0000000018c4d358
0x000000001c69f830:   000000001e086000 00000000503cea13
0x000000001c69f840:   000000001c69f880 000000001e086000
0x000000001c69f850:   000000001c69f910 000000001e086000
0x000000001c69f860:   0000000018c4d358 000000001e086000
0x000000001c69f870:   00000000026310e0 000000001e086000
0x000000001c69f880:   0000000018c4d358 000000001e086000
0x000000001c69f890:   0000000018c4d358 000000001e086000
0x000000001c69f8a0:   0000000000000001 0000000018c4d358
0x000000001c69f8b0:   000000001e086000 000000001bb2f6f0
0x000000001c69f8c0:   000000001e086000 00000000503cfefd
0x000000001c69f8d0:   000000001c69fbd8 00000007c00069a0
0x000000001c69f8e0:   00000007c00069a0 0000000000000000 

Instructions: (pc=0x000000005051ffb7)
0x000000005051ff97:   48 89 6c 24 30 33 ed 66 90 e8 4b 35 08 00 ff c3
0x000000005051ffa7:   48 63 c8 48 8b c6 48 0f af cf 48 ff c7 48 2b c1
0x000000005051ffb7:   89 28 48 63 c3 48 3b 05 4d 66 58 00 7e db 48 8b
0x000000005051ffc7:   6c 24 30 48 8b 5c 24 38 48 8b 74 24 40 48 83 c4 


Register to memory mapping:

RAX=0x000000001c69a7f0 is pointing into the stack for thread: 0x000000001e086000
RBX=0x0000000000000006 is an unknown value
RCX=0x0000000000005000 is an unknown value
RDX=0x0000000000000006 is an unknown value
RSP=0x000000001c69f7f0 is pointing into the stack for thread: 0x000000001e086000
RBP=0x0000000000000000 is an unknown value
RSI=0x000000001c69f7f0 is pointing into the stack for thread: 0x000000001e086000
RDI=0x0000000000000006 is an unknown value
R8 =0x0000000000000006 is an unknown value
R9 =0x000000001dff9b80 is an unknown value
R10={method} {0x0000000018c4d360} 'run' '()V' in 'java/lang/Thread'
R11=0x000000001c5aa148 is pointing into the stack for thread: 0x000000001e086000
R12=0x000000001dff9b80 is an unknown value
R13=0x000000001e086000 is a thread
R14=0x000000001c69f8b8 is pointing into the stack for thread: 0x000000001e086000
R15={method} {0x0000000018c4d360} 'run' '()V' in 'java/lang/Thread'


Stack: [0x000000001c5a0000,0x000000001c6a0000],  sp=0x000000001c69f7f0,  free space=1021k
